10/5/2020 12:55:39 PM	This log contains information about the import schema operation into project 'TKE.CPQ.AppGateway.DatabaseSchema.TKECPQ_Development' on computer 'MYSHEC348021L' by user 'Sarath_Kumar01'.
10/5/2020 12:55:39 PM	Import of database schema has started.
10/5/2020 12:55:50 PM	Gathering database credentials
10/5/2020 12:55:50 PM	Gathering database options
10/5/2020 12:55:50 PM	Gathering generic database scoped configuration option
10/5/2020 12:55:50 PM	Gathering users
10/5/2020 12:55:50 PM	Gathering roles
10/5/2020 12:55:50 PM	Gathering application roles
10/5/2020 12:55:50 PM	Gathering role memberships
10/5/2020 12:55:50 PM	Gathering filegroups
10/5/2020 12:55:50 PM	Gathering full-text catalogs
10/5/2020 12:55:50 PM	Gathering assemblies
10/5/2020 12:55:50 PM	Gathering certificates
10/5/2020 12:55:50 PM	Gathering asymmetric keys
10/5/2020 12:55:50 PM	Gathering symmetric keys
10/5/2020 12:55:50 PM	Gathering encrypted symmetric keys
10/5/2020 12:55:50 PM	Gathering schemas
10/5/2020 12:55:50 PM	Gathering XML schema collections
10/5/2020 12:55:50 PM	Gathering user-defined data types
10/5/2020 12:55:50 PM	Gathering user-defined types
10/5/2020 12:55:50 PM	Gathering table types
10/5/2020 12:55:50 PM	Gathering unique keys for table types
10/5/2020 12:55:50 PM	Gathering primary keys for table types
10/5/2020 12:55:50 PM	Gathering indexes for table types
10/5/2020 12:55:50 PM	Gathering check constraints for table types
10/5/2020 12:55:50 PM	Gathering default constraints for table types
10/5/2020 12:55:50 PM	Gathering partition functions
10/5/2020 12:55:50 PM	Gathering partition schemes
10/5/2020 12:55:50 PM	Gathering functions
10/5/2020 12:55:50 PM	Gathering encrypted functions
10/5/2020 12:55:50 PM	Gathering aggregates
10/5/2020 12:55:50 PM	Gathering procedures
10/5/2020 12:55:50 PM	Gathering encrypted procedures
10/5/2020 12:55:50 PM	Gathering tables
10/5/2020 12:55:51 PM	Gathering primary keys
10/5/2020 12:55:51 PM	Gathering unique constraints
10/5/2020 12:55:51 PM	Gathering foreign keys
10/5/2020 12:55:51 PM	Gathering default constraints
10/5/2020 12:55:51 PM	Gathering check constraints
10/5/2020 12:55:51 PM	Gathering views
10/5/2020 12:55:51 PM	Gathering encrypted views
10/5/2020 12:55:51 PM	Gathering indexes
10/5/2020 12:55:51 PM	Gathering statistics
10/5/2020 12:55:51 PM	Gathering full-text index stoplists
10/5/2020 12:55:51 PM	Gathering search property lists
10/5/2020 12:55:51 PM	Gathering search properties
10/5/2020 12:55:51 PM	Gathering full-text indexes
10/5/2020 12:55:51 PM	Gathering column store indexes
10/5/2020 12:55:51 PM	Gathering spatial indexes
10/5/2020 12:55:51 PM	Gathering XML indexes
10/5/2020 12:55:51 PM	Gathering Selective XML indexes
10/5/2020 12:55:51 PM	Gathering encrypted triggers
10/5/2020 12:55:51 PM	Gathering triggers
10/5/2020 12:55:51 PM	Gathering encrypted and clr ddl triggers
10/5/2020 12:55:51 PM	Gathering ddl triggers
10/5/2020 12:55:51 PM	Gathering synonyms
10/5/2020 12:55:51 PM	Gathering defaults
10/5/2020 12:55:51 PM	Gathering data constraint uddt bindings
10/5/2020 12:55:51 PM	Gathering rules
10/5/2020 12:55:51 PM	Gathering data constraint uddt bindings
10/5/2020 12:55:51 PM	Gathering message types
10/5/2020 12:55:51 PM	Gathering queues
10/5/2020 12:55:51 PM	Gathering contracts
10/5/2020 12:55:51 PM	Gathering services
10/5/2020 12:55:51 PM	Gathering event notifications
10/5/2020 12:55:51 PM	Gathering remote service bindings
10/5/2020 12:55:51 PM	Gathering broker priorities
10/5/2020 12:55:51 PM	Gathering signatures
10/5/2020 12:55:51 PM	Gathering data compression options
10/5/2020 12:55:51 PM	Gathering sequence types
10/5/2020 12:55:51 PM	Gathering security policies
10/5/2020 12:55:51 PM	Gather column encryption keys
10/5/2020 12:55:51 PM	Gathering column master keys
10/5/2020 12:55:51 PM	Gathering external data sources
10/5/2020 12:55:51 PM	Gathering external file formats
10/5/2020 12:55:51 PM	Gathering external tables
10/5/2020 12:55:51 PM	Gathering extended properties
10/5/2020 12:55:53 PM	Gathering credentials
10/5/2020 12:55:53 PM	Gathering logins
10/5/2020 12:55:53 PM	Gathering server audits
10/5/2020 12:55:53 PM	Scanning project for duplicate elements
10/5/2020 12:55:53 PM	Finished duplicate element processing
10/5/2020 12:55:55 PM	Finished importing database.
10/5/2020 12:55:55 PM	A summary of the import was saved to the following location: D:\Workspace\tkeApp\TKE.CPQ.AppGateway\TKE.CPQ.AppGateway.DatabaseSchema.TKECPQ_Development\Import Schema Logs\TKE.CPQ.AppGateway.D_20201005072539.log
10/5/2020 12:55:55 PM	Click Finish to continue...
